#
# There is insufficient memory for the Java Runtime Environment to continue.
# Native memory allocation (malloc) failed to allocate 160896 bytes for Chunk::new
# Possible reasons:
#   The system is out of physical RAM or swap space
#   In 32 bit mode, the process size limit was hit
# Possible solutions:
#   Reduce memory load on the system
#   Increase physical memory or swap space
#   Check if swap backing store is full
#   Use 64 bit Java on a 64 bit OS
#   Decrease Java heap size (-Xmx/-Xms)
#   Decrease number of Java threads
#   Decrease Java thread stack sizes (-Xss)
#   Set larger code cache with -XX:ReservedCodeCacheSize=
# This output file may be truncated or incomplete.
#
#  Out of Memory Error (allocation.cpp:390), pid=15544, tid=0x0000000000003f80
#
# JRE version: Java(TM) SE Runtime Environment (8.0_144-b01) (build 1.8.0_144-b01)
# Java VM: Java HotSpot(TM) 64-Bit Server VM (25.144-b01 mixed mode windows-amd64 compressed oops)
# Failed to write core dump. Minidumps are not enabled by default on client versions of Windows
#

---------------  T H R E A D  ---------------

Current thread (0x0000000057155800):  JavaThread "C2 CompilerThread0" daemon [_thread_in_native, id=16256, stack(0x0000000058c20000,0x0000000058d20000)]

Stack: [0x0000000058c20000,0x0000000058d20000]
[error occurred during error reporting (printing stack bounds), id 0xc0000005]

Native frames: (J=compiled Java code, j=interpreted, Vv=VM code, C=native code)


Current CompileTask:
C2:  10624 5845       4       java.net.URLClassLoader$1::run (5 bytes)


---------------  P R O C E S S  ---------------

Java Threads: ( => current thread )
  0x000000005bfaa800 JavaThread "container-0" [_thread_blocked, id=8796, stack(0x0000000062380000,0x0000000062480000)]
  0x0000000059466800 JavaThread "ContainerBackgroundProcessor[StandardEngine[Tomcat]]" daemon [_thread_blocked, id=16268, stack(0x000000005ccd0000,0x000000005cdd0000)]
  0x0000000059ac6000 JavaThread "localhost-startStop-1" daemon [_thread_blocked, id=11144, stack(0x000000005fc00000,0x000000005fd00000)]
  0x000000005de4a800 JavaThread "Tomcat-startStop-1" daemon [_thread_blocked, id=9964, stack(0x000000005fe60000,0x000000005ff60000)]
  0x000000005d28a800 JavaThread "main" [_thread_in_Java, id=6544, stack(0x000000005f720000,0x000000005f820000)]
  0x000000005715e000 JavaThread "Service Thread" daemon [_thread_blocked, id=15560, stack(0x0000000058eb0000,0x0000000058fb0000)]
  0x00000000584ca800 JavaThread "C1 CompilerThread2" daemon [_thread_blocked, id=6816, stack(0x0000000058d30000,0x0000000058e30000)]
  0x00000000584c9000 JavaThread "C2 CompilerThread1" daemon [_thread_in_native, id=11632, stack(0x00000000582c0000,0x00000000583c0000)]
=>0x0000000057155800 JavaThread "C2 CompilerThread0" daemon [_thread_in_native, id=16256, stack(0x0000000058c20000,0x0000000058d20000)]
  0x0000000057154000 JavaThread "Attach Listener" daemon [_thread_blocked, id=15992, stack(0x0000000058a50000,0x0000000058b50000)]
  0x0000000057152800 JavaThread "Signal Dispatcher" daemon [_thread_blocked, id=11908, stack(0x0000000058950000,0x0000000058a50000)]
  0x000000005713a800 JavaThread "Finalizer" daemon [_thread_blocked, id=7728, stack(0x00000000583c0000,0x00000000584c0000)]
  0x00000000570f3800 JavaThread "Reference Handler" daemon [_thread_blocked, id=16208, stack(0x0000000058150000,0x0000000058250000)]
  0x0000000001f68000 JavaThread "main" [_thread_blocked, id=13124, stack(0x0000000002060000,0x0000000002160000)]

Other Threads:
  0x00000000570ec000 VMThread [stack: 0x0000000058040000,0x0000000058140000] [id=1044]
  0x0000000058557800 WatcherThread [stack: 0x00000000590f0000,0x00000000591f0000] [id=13112]

VM state:not at safepoint (normal execution)

VM Mutex/Monitor currently owned by a thread: None

Heap:
 PSYoungGen      total 207872K, used 165808K [0x00000000d6f00000, 0x00000000e6200000, 0x0000000100000000)
  eden space 188928K, 87% used [0x00000000d6f00000,0x00000000e10ec190,0x00000000e2780000)
  from space 18944K, 0% used [0x00000000e3d00000,0x00000000e3d00000,0x00000000e4f80000)
  to   space 22016K, 0% used [0x00000000e2780000,0x00000000e2780000,0x00000000e3d00000)
 ParOldGen       total 119296K, used 36047K [0x0000000084c00000, 0x000000008c080000, 0x00000000d6f00000)
  object space 119296K, 30% used [0x0000000084c00000,0x0000000086f33c80,0x000000008c080000)
 Metaspace       used 45683K, capacity 46452K, committed 46720K, reserved 1089536K
  class space    used 5687K, capacity 5917K, committed 6016K, reserved 1048576K

Card table byte_map: [0x00000000117f0000,0x0000000011bd0000] byte_map_base: 0x00000000113ca000

Marking Bits: (ParMarkBitMap*) 0x000000005b8dd850
 Begin Bits: [0x00000000125e0000, 0x00000000144b0000)
 End Bits:   [0x00000000144b0000, 0x0000000016380000)

Polling page: 0x0000000000330000

CodeCache: size=245760Kb used=18196Kb max_used=18385Kb free=227563Kb
 bounds [0x0000000002430000, 0x0000000003640000, 0x0000000011430000]
 total_blobs=5754 nmethods=5299 adapters=367
 compilation: enabled

Compilation events (10 events):
Event: 10.610 Thread 0x00000000584ca800 6184       2       org.springframework.cglib.core.ReflectUtils$4::<init> (20 bytes)
Event: 10.610 Thread 0x00000000584ca800 nmethod 6184 0x0000000002f94e90 code [0x0000000002f94fe0, 0x0000000002f95170]
Event: 10.615 Thread 0x00000000584ca800 6185       2       org.springframework.util.ConcurrentReferenceHashMap$Segment::findInChain (63 bytes)
Event: 10.615 Thread 0x00000000584ca800 nmethod 6185 0x0000000002f947d0 code [0x0000000002f94960, 0x0000000002f94c88]
Event: 10.615 Thread 0x00000000584ca800 6186   !   2       sun.reflect.GeneratedMethodAccessor14::invoke (63 bytes)
Event: 10.616 Thread 0x00000000584ca800 nmethod 6186 0x0000000002f93e50 code [0x0000000002f94020, 0x0000000002f944b8]
Event: 10.616 Thread 0x00000000584ca800 6187       2       org.springframework.aop.aspectj.annotation.AbstractAspectJAdvisorFactory::isAspect (22 bytes)
Event: 10.616 Thread 0x00000000584ca800 nmethod 6187 0x0000000002f93a10 code [0x0000000002f93b80, 0x0000000002f93d78]
Event: 10.616 Thread 0x00000000584ca800 6188       2       org.springframework.aop.aspectj.annotation.AbstractAspectJAdvisorFactory::hasAspectAnnotation (15 bytes)
Event: 10.616 Thread 0x00000000584ca800 nmethod 6188 0x0000000002f93650 code [0x0000000002f937c0, 0x0000000002f93948]

GC Heap History (10 events):
Event: 4.799 GC heap before
{Heap before GC invocations=6 (full 0):
 PSYoungGen      total 68608K, used 59515K [0x00000000d6f00000, 0x00000000e0300000, 0x0000000100000000)
  eden space 63488K, 85% used [0x00000000d6f00000,0x00000000da426f20,0x00000000dad00000)
  from space 5120K, 99% used [0x00000000dad00000,0x00000000db1f8020,0x00000000db200000)
  to   space 12288K, 0% used [0x00000000df700000,0x00000000df700000,0x00000000e0300000)
 ParOldGen       total 84992K, used 14317K [0x0000000084c00000, 0x0000000089f00000, 0x00000000d6f00000)
  object space 84992K, 16% used [0x0000000084c00000,0x00000000859fb580,0x0000000089f00000)
 Metaspace       used 20683K, capacity 21128K, committed 21296K, reserved 1069056K
  class space    used 2494K, capacity 2610K, committed 2688K, reserved 1048576K
Event: 4.815 GC heap after
Heap after GC invocations=6 (full 0):
 PSYoungGen      total 139264K, used 8855K [0x00000000d6f00000, 0x00000000e0300000, 0x0000000100000000)
  eden space 126976K, 0% used [0x00000000d6f00000,0x00000000d6f00000,0x00000000deb00000)
  from space 12288K, 72% used [0x00000000df700000,0x00000000dffa5c90,0x00000000e0300000)
  to   space 12288K, 0% used [0x00000000deb00000,0x00000000deb00000,0x00000000df700000)
 ParOldGen       total 84992K, used 14325K [0x0000000084c00000, 0x0000000089f00000, 0x00000000d6f00000)
  object space 84992K, 16% used [0x0000000084c00000,0x00000000859fd580,0x0000000089f00000)
 Metaspace       used 20683K, capacity 21128K, committed 21296K, reserved 1069056K
  class space    used 2494K, capacity 2610K, committed 2688K, reserved 1048576K
}
Event: 4.815 GC heap before
{Heap before GC invocations=7 (full 1):
 PSYoungGen      total 139264K, used 8855K [0x00000000d6f00000, 0x00000000e0300000, 0x0000000100000000)
  eden space 126976K, 0% used [0x00000000d6f00000,0x00000000d6f00000,0x00000000deb00000)
  from space 12288K, 72% used [0x00000000df700000,0x00000000dffa5c90,0x00000000e0300000)
  to   space 12288K, 0% used [0x00000000deb00000,0x00000000deb00000,0x00000000df700000)
 ParOldGen       total 84992K, used 14325K [0x0000000084c00000, 0x0000000089f00000, 0x00000000d6f00000)
  object space 84992K, 16% used [0x0000000084c00000,0x00000000859fd580,0x0000000089f00000)
 Metaspace       used 20683K, capacity 21128K, committed 21296K, reserved 1069056K
  class space    used 2494K, capacity 2610K, committed 2688K, reserved 1048576K
Event: 4.901 GC heap after
Heap after GC invocations=7 (full 1):
 PSYoungGen      total 139264K, used 0K [0x00000000d6f00000, 0x00000000e0300000, 0x0000000100000000)
  eden space 126976K, 0% used [0x00000000d6f00000,0x00000000d6f00000,0x00000000deb00000)
  from space 12288K, 0% used [0x00000000df700000,0x00000000df700000,0x00000000e0300000)
  to   space 12288K, 0% used [0x00000000deb00000,0x00000000deb00000,0x00000000df700000)
 ParOldGen       total 71680K, used 17723K [0x0000000084c00000, 0x0000000089200000, 0x00000000d6f00000)
  object space 71680K, 24% used [0x0000000084c00000,0x0000000085d4edf0,0x0000000089200000)
 Metaspace       used 20683K, capacity 21128K, committed 21296K, reserved 1069056K
  class space    used 2494K, capacity 2610K, committed 2688K, reserved 1048576K
}
Event: 7.186 GC heap before
{Heap before GC invocations=8 (full 1):
 PSYoungGen      total 139264K, used 126976K [0x00000000d6f00000, 0x00000000e0300000, 0x0000000100000000)
  eden space 126976K, 100% used [0x00000000d6f00000,0x00000000deb00000,0x00000000deb00000)
  from space 12288K, 0% used [0x00000000df700000,0x00000000df700000,0x00000000e0300000)
  to   space 12288K, 0% used [0x00000000deb00000,0x00000000deb00000,0x00000000df700000)
 ParOldGen       total 71680K, used 17723K [0x0000000084c00000, 0x0000000089200000, 0x00000000d6f00000)
  object space 71680K, 24% used [0x0000000084c00000,0x0000000085d4edf0,0x0000000089200000)
 Metaspace       used 29072K, capacity 29608K, committed 29696K, reserved 1075200K
  class space    used 3627K, capacity 3792K, committed 3840K, reserved 1048576K
Event: 7.218 GC heap after
Heap after GC invocations=8 (full 1):
 PSYoungGen      total 139264K, used 12259K [0x00000000d6f00000, 0x00000000e4f80000, 0x0000000100000000)
  eden space 126976K, 0% used [0x00000000d6f00000,0x00000000d6f00000,0x00000000deb00000)
  from space 12288K, 99% used [0x00000000deb00000,0x00000000df6f8ce0,0x00000000df700000)
  to   space 18944K, 0% used [0x00000000e3d00000,0x00000000e3d00000,0x00000000e4f80000)
 ParOldGen       total 71680K, used 28578K [0x0000000084c00000, 0x0000000089200000, 0x00000000d6f00000)
  object space 71680K, 39% used [0x0000000084c00000,0x00000000867e8918,0x0000000089200000)
 Metaspace       used 29072K, capacity 29608K, committed 29696K, reserved 1075200K
  class space    used 3627K, capacity 3792K, committed 3840K, reserved 1048576K
}
Event: 7.938 GC heap before
{Heap before GC invocations=9 (full 1):
 PSYoungGen      total 139264K, used 61774K [0x00000000d6f00000, 0x00000000e4f80000, 0x0000000100000000)
  eden space 126976K, 38% used [0x00000000d6f00000,0x00000000d9f5ac98,0x00000000deb00000)
  from space 12288K, 99% used [0x00000000deb00000,0x00000000df6f8ce0,0x00000000df700000)
  to   space 18944K, 0% used [0x00000000e3d00000,0x00000000e3d00000,0x00000000e4f80000)
 ParOldGen       total 71680K, used 28578K [0x0000000084c00000, 0x0000000089200000, 0x00000000d6f00000)
  object space 71680K, 39% used [0x0000000084c00000,0x00000000867e8918,0x0000000089200000)
 Metaspace       used 34813K, capacity 35374K, committed 35456K, reserved 1081344K
  class space    used 4291K, capacity 4465K, committed 4480K, reserved 1048576K
Event: 7.981 GC heap after
Heap after GC invocations=9 (full 1):
 PSYoungGen      total 207872K, used 18805K [0x00000000d6f00000, 0x00000000e6200000, 0x0000000100000000)
  eden space 188928K, 0% used [0x00000000d6f00000,0x00000000d6f00000,0x00000000e2780000)
  from space 18944K, 99% used [0x00000000e3d00000,0x00000000e4f5d660,0x00000000e4f80000)
  to   space 22016K, 0% used [0x00000000e2780000,0x00000000e2780000,0x00000000e3d00000)
 ParOldGen       total 71680K, used 28586K [0x0000000084c00000, 0x0000000089200000, 0x00000000d6f00000)
  object space 71680K, 39% used [0x0000000084c00000,0x00000000867ea918,0x0000000089200000)
 Metaspace       used 34813K, capacity 35374K, committed 35456K, reserved 1081344K
  class space    used 4291K, capacity 4465K, committed 4480K, reserved 1048576K
}
Event: 7.981 GC heap before
{Heap before GC invocations=10 (full 2):
 PSYoungGen      total 207872K, used 18805K [0x00000000d6f00000, 0x00000000e6200000, 0x0000000100000000)
  eden space 188928K, 0% used [0x00000000d6f00000,0x00000000d6f00000,0x00000000e2780000)
  from space 18944K, 99% used [0x00000000e3d00000,0x00000000e4f5d660,0x00000000e4f80000)
  to   space 22016K, 0% used [0x00000000e2780000,0x00000000e2780000,0x00000000e3d00000)
 ParOldGen       total 71680K, used 28586K [0x0000000084c00000, 0x0000000089200000, 0x00000000d6f00000)
  object space 71680K, 39% used [0x0000000084c00000,0x00000000867ea918,0x0000000089200000)
 Metaspace       used 34813K, capacity 35374K, committed 35456K, reserved 1081344K
  class space    used 4291K, capacity 4465K, committed 4480K, reserved 1048576K
Event: 8.131 GC heap after
Heap after GC invocations=10 (full 2):
 PSYoungGen      total 207872K, used 0K [0x00000000d6f00000, 0x00000000e6200000, 0x0000000100000000)
  eden space 188928K, 0% used [0x00000000d6f00000,0x00000000d6f00000,0x00000000e2780000)
  from space 18944K, 0% used [0x00000000e3d00000,0x00000000e3d00000,0x00000000e4f80000)
  to   space 22016K, 0% used [0x00000000e2780000,0x00000000e2780000,0x00000000e3d00000)
 ParOldGen       total 119296K, used 36047K [0x0000000084c00000, 0x000000008c080000, 0x00000000d6f00000)
  object space 119296K, 30% used [0x0000000084c00000,0x0000000086f33c80,0x000000008c080000)
 Metaspace       used 34813K, capacity 35374K, committed 35456K, reserved 1081344K
  class space    used 4291K, capacity 4465K, committed 4480K, reserved 1048576K
}

Deoptimization events (10 events):
Event: 10.172 Thread 0x0000000059ac6000 Uncommon trap: reason=unstable_if action=reinterpret pc=0x000000000334d63c method=org.springframework.util.ConcurrentReferenceHashMap$Segment.findInChain(Lorg/springframework/util/ConcurrentReferenceHashMap$Reference;Ljava/lang/Object;I)Lorg/springframewo
Event: 10.317 Thread 0x000000005d28a800 Uncommon trap: reason=bimorphic action=maybe_recompile pc=0x00000000032a3b48 method=java.util.Hashtable.get(Ljava/lang/Object;)Ljava/lang/Object; @ 6
Event: 10.317 Thread 0x000000005d28a800 Uncommon trap: reason=bimorphic action=maybe_recompile pc=0x00000000032a3b48 method=java.util.Hashtable.get(Ljava/lang/Object;)Ljava/lang/Object; @ 6
Event: 10.376 Thread 0x000000005d28a800 Uncommon trap: reason=unstable_if action=reinterpret pc=0x00000000025ae8b8 method=java.util.Hashtable.put(Ljava/lang/Object;Ljava/lang/Object;)Ljava/lang/Object; @ 1
Event: 10.510 Thread 0x000000005d28a800 Uncommon trap: reason=unstable_if action=reinterpret pc=0x000000000275d3f8 method=java.lang.AbstractStringBuilder.append(Ljava/lang/String;)Ljava/lang/AbstractStringBuilder; @ 1
Event: 10.511 Thread 0x000000005d28a800 Uncommon trap: reason=unstable_if action=reinterpret pc=0x0000000002624610 method=java.lang.AbstractStringBuilder.append(Ljava/lang/String;)Ljava/lang/AbstractStringBuilder; @ 1
Event: 10.558 Thread 0x000000005d28a800 Uncommon trap: reason=unstable_if action=reinterpret pc=0x00000000035ec13c method=java.util.concurrent.ConcurrentHashMap.get(Ljava/lang/Object;)Ljava/lang/Object; @ 152
Event: 10.580 Thread 0x000000005d28a800 Uncommon trap: reason=bimorphic action=maybe_recompile pc=0x0000000003155c60 method=java.util.WeakHashMap.eq(Ljava/lang/Object;Ljava/lang/Object;)Z @ 7
Event: 10.593 Thread 0x000000005d28a800 Uncommon trap: reason=unstable_if action=reinterpret pc=0x00000000035dfdc0 method=org.springframework.boot.bind.DefaultPropertyNamePatternsMatcher.matches(Ljava/lang/String;)Z @ 112
Event: 10.593 Thread 0x000000005d28a800 Uncommon trap: reason=unstable_if action=reinterpret pc=0x0000000002549110 method=org.springframework.boot.bind.DefaultPropertyNamePatternsMatcher.matches(Ljava/lang/String;)Z @ 112

Internal exceptions (10 events):
Event: 10.581 Thread 0x000000005d28a800 Exception <a 'java/lang/ClassNotFoundException': org/springframework/context/ApplicationListenerCustomizer> (0x00000000e0daf678) thrown at [C:\re\workspace\8-2-build-windows-amd64-cygwin\jdk8u144\9417\hotspot\src\share\vm\classfile\systemDictionary.cpp, l
Event: 10.589 Thread 0x000000005d28a800 Exception <a 'java/lang/ClassNotFoundException': java/lang/ObjectCustomizer> (0x00000000e0deac30) thrown at [C:\re\workspace\8-2-build-windows-amd64-cygwin\jdk8u144\9417\hotspot\src\share\vm\classfile\systemDictionary.cpp, line 210]
Event: 10.590 Thread 0x000000005d28a800 Exception <a 'java/lang/ClassNotFoundException': org/springframework/boot/autoconfigure/orm/jpa/JpaPropertiesCustomizer> (0x00000000e0e00fb0) thrown at [C:\re\workspace\8-2-build-windows-amd64-cygwin\jdk8u144\9417\hotspot\src\share\vm\classfile\systemDict
Event: 10.603 Thread 0x000000005d28a800 Exception <a 'java/lang/ClassNotFoundException': java/lang/ObjectCustomizer> (0x00000000e0e88b38) thrown at [C:\re\workspace\8-2-build-windows-amd64-cygwin\jdk8u144\9417\hotspot\src\share\vm\classfile\systemDictionary.cpp, line 210]
Event: 10.604 Thread 0x000000005d28a800 Exception <a 'java/lang/ClassNotFoundException': org/springframework/boot/autoconfigure/transaction/TransactionAutoConfigurationCustomizer> (0x00000000e0ea29c0) thrown at [C:\re\workspace\8-2-build-windows-amd64-cygwin\jdk8u144\9417\hotspot\src\share\vm\c
Event: 10.605 Thread 0x000000005d28a800 Exception <a 'java/lang/ClassNotFoundException': org/springframework/boot/autoconfigure/transaction/TransactionAutoConfiguration$$EnhancerBySpringCGLIB$$8ae041c2Customizer> (0x00000000e0ec48b0) thrown at [C:\re\workspace\8-2-build-windows-amd64-cygwin\jdk
Event: 10.606 Thread 0x000000005d28a800 Exception <a 'java/lang/ClassNotFoundException': org/springframework/context/annotation/ConfigurationClassEnhancer$EnhancedConfigurationCustomizer> (0x00000000e0ee3838) thrown at [C:\re\workspace\8-2-build-windows-amd64-cygwin\jdk8u144\9417\hotspot\src\sh
Event: 10.617 Thread 0x000000005d28a800 Exception <a 'java/lang/ClassNotFoundException': java/lang/ObjectCustomizer> (0x00000000e0f7c670) thrown at [C:\re\workspace\8-2-build-windows-amd64-cygwin\jdk8u144\9417\hotspot\src\share\vm\classfile\systemDictionary.cpp, line 210]
Event: 10.617 Thread 0x000000005d28a800 Exception <a 'java/lang/ClassNotFoundException': org/springframework/boot/autoconfigure/transaction/TransactionPropertiesCustomizer> (0x00000000e0f957f8) thrown at [C:\re\workspace\8-2-build-windows-amd64-cygwin\jdk8u144\9417\hotspot\src\share\vm\classfil
Event: 10.618 Thread 0x000000005d28a800 Exception <a 'java/lang/ClassNotFoundException': org/springframework/boot/autoconfigure/transaction/PlatformTransactionManagerCustomizerCustomizer> (0x00000000e0fb6fe8) thrown at [C:\re\workspace\8-2-build-windows-amd64-cygwin\jdk8u144\9417\hotspot\src\sh

Events (10 events):
Event: 10.617 loading class org/springframework/boot/autoconfigure/transaction/TransactionPropertiesCustomizer
Event: 10.617 loading class org/springframework/boot/autoconfigure/transaction/TransactionPropertiesCustomizer done
Event: 10.617 loading class org/springframework/boot/autoconfigure/transaction/TransactionPropertiesCustomizer
Event: 10.617 loading class org/springframework/boot/autoconfigure/transaction/TransactionPropertiesCustomizer done
Event: 10.618 loading class org/springframework/boot/autoconfigure/transaction/PlatformTransactionManagerCustomizerCustomizer
Event: 10.618 loading class org/springframework/boot/autoconfigure/transaction/PlatformTransactionManagerCustomizerCustomizer done
Event: 10.618 loading class org/springframework/boot/autoconfigure/transaction/PlatformTransactionManagerCustomizerCustomizer
Event: 10.618 loading class org/springframework/boot/autoconfigure/transaction/PlatformTransactionManagerCustomizerCustomizer done
Event: 10.618 loading class org/springframework/boot/autoconfigure/transaction/PlatformTransactionManagerCustomizerCustomizer
Event: 10.618 loading class org/springframework/boot/autoconfigure/transaction/PlatformTransactionManagerCustomizerCustomizer done


Dynamic libraries:
0x000000013f6f0000 - 0x000000013f727000 	C:\Program Files\Java\jdk1.8.0_144\bin\java.exe
0x0000000077310000 - 0x00000000774ba000 	C:\windows\SYSTEM32\ntdll.dll
0x00000000770f0000 - 0x000000007720f000 	C:\windows\system32\kernel32.dll
0x000007fefd020000 - 0x000007fefd08a000 	C:\windows\system32\KERNELBASE.dll
0x000007fefe120000 - 0x000007fefe1fb000 	C:\windows\system32\ADVAPI32.dll
0x000007fefd690000 - 0x000007fefd72f000 	C:\windows\system32\msvcrt.dll
0x000007fefe690000 - 0x000007fefe6af000 	C:\windows\SYSTEM32\sechost.dll
0x000007fefe200000 - 0x000007fefe32d000 	C:\windows\system32\RPCRT4.dll
0x0000000077210000 - 0x000000007730a000 	C:\windows\system32\USER32.dll
0x000007fefda10000 - 0x000007fefda77000 	C:\windows\system32\GDI32.dll
0x000007fefd730000 - 0x000007fefd73e000 	C:\windows\system32\LPK.dll
0x000007fefe6b0000 - 0x000007fefe77b000 	C:\windows\system32\USP10.dll
0x000007fefc1f0000 - 0x000007fefc3e4000 	C:\windows\WinSxS\amd64_microsoft.windows.common-controls_6595b64144ccf1df_6.0.7601.18837_none_fa3b1e3d17594757\COMCTL32.dll
0x000007fefd610000 - 0x000007fefd681000 	C:\windows\system32\SHLWAPI.dll
0x000007fefe3d0000 - 0x000007fefe3fe000 	C:\windows\system32\IMM32.DLL
0x000007feff510000 - 0x000007feff619000 	C:\windows\system32\MSCTF.dll
0x0000000073450000 - 0x0000000073489000 	C:\PROGRA~2\Sophos\SOPHOS~1\SOPHOS~2.DLL
0x00000000774e0000 - 0x00000000774e7000 	C:\windows\system32\PSAPI.DLL
0x000000006ae50000 - 0x000000006af22000 	C:\Program Files\Java\jdk1.8.0_144\jre\bin\msvcr100.dll
0x000000005b0c0000 - 0x000000005b95d000 	C:\Program Files\Java\jdk1.8.0_144\jre\bin\server\jvm.dll
0x000007feecec0000 - 0x000007feecec9000 	C:\windows\system32\WSOCK32.dll
0x000007fefd3c0000 - 0x000007fefd40d000 	C:\windows\system32\WS2_32.dll
0x000007fefe400000 - 0x000007fefe408000 	C:\windows\system32\NSI.dll
0x000007fefac90000 - 0x000007fefaccb000 	C:\windows\system32\WINMM.dll
0x000007fefbf20000 - 0x000007fefbf2c000 	C:\windows\system32\VERSION.dll
0x0000000074ab0000 - 0x0000000074abf000 	C:\Program Files\Java\jdk1.8.0_144\jre\bin\verify.dll
0x0000000072b70000 - 0x0000000072b99000 	C:\Program Files\Java\jdk1.8.0_144\jre\bin\java.dll
0x00000000730e0000 - 0x00000000730f6000 	C:\Program Files\Java\jdk1.8.0_144\jre\bin\zip.dll
0x000007fefe780000 - 0x000007feff50a000 	C:\windows\system32\SHELL32.dll
0x000007fefd410000 - 0x000007fefd60c000 	C:\windows\system32\ole32.dll
0x000007fefd010000 - 0x000007fefd01f000 	C:\windows\system32\profapi.dll
0x000007fef9ef0000 - 0x000007fef9efa000 	C:\xampp\apache-maven-3.5.0-bin\lib\jansi-native\windows64\jansi.dll
0x0000000072fb0000 - 0x0000000072fca000 	C:\Program Files\Java\jdk1.8.0_144\jre\bin\net.dll
0x000007fefb930000 - 0x000007fefb960000 	C:\ProgramData\Sophos\Web Intelligence\swi_ifslsp_64.dll
0x000007fefc7d0000 - 0x000007fefc825000 	C:\windows\system32\mswsock.dll
0x000007fefc7c0000 - 0x000007fefc7c7000 	C:\windows\System32\wship6.dll
0x0000000072eb0000 - 0x0000000072ec1000 	C:\Program Files\Java\jdk1.8.0_144\jre\bin\nio.dll
0x0000000074780000 - 0x000000007478d000 	C:\Program Files\Java\jdk1.8.0_144\jre\bin\management.dll
0x000007fefab00000 - 0x000007fefab15000 	C:\windows\system32\NLAapi.dll
0x000007fef7390000 - 0x000007fef73a5000 	C:\windows\system32\napinsp.dll
0x000007fef73b0000 - 0x000007fef73c9000 	C:\windows\system32\pnrpnsp.dll
0x000007fefc650000 - 0x000007fefc6ab000 	C:\windows\system32\DNSAPI.dll
0x000007fef72e0000 - 0x000007fef72eb000 	C:\windows\System32\winrnr.dll
0x000007fef7380000 - 0x000007fef7390000 	C:\windows\system32\wshbth.dll
0x000007fefb910000 - 0x000007fefb917000 	C:\windows\System32\wshtcpip.dll
0x000007fefb680000 - 0x000007fefb6a7000 	C:\windows\system32\IPHLPAPI.DLL
0x000007fefb920000 - 0x000007fefb92b000 	C:\windows\system32\WINNSI.DLL
0x000007fef9090000 - 0x000007fef9098000 	C:\windows\system32\rasadhlp.dll
0x000007fef96e0000 - 0x000007fef9733000 	C:\windows\System32\fwpuclnt.dll
0x000007fefc830000 - 0x000007fefc848000 	C:\windows\system32\CRYPTSP.dll
0x000007fefc530000 - 0x000007fefc577000 	C:\windows\system32\rsaenh.dll
0x000007fefd380000 - 0x000007fefd39e000 	C:\windows\system32\USERENV.dll
0x000007fefcea0000 - 0x000007fefceaf000 	C:\windows\system32\CRYPTBASE.dll
0x000007fef98b0000 - 0x000007fef98c8000 	C:\windows\system32\dhcpcsvc.DLL
0x000007fef95b0000 - 0x000007fef95c1000 	C:\windows\system32\dhcpcsvc6.DLL

VM Arguments:
jvm_args: -Dclassworlds.conf=C:\xampp\apache-maven-3.5.0-bin\bin\..\bin\m2.conf -Dmaven.home=C:\xampp\apache-maven-3.5.0-bin\bin\.. -Dmaven.multiModuleProjectDirectory=C:\xampp\htdocs\practice\emdb 
java_command: org.codehaus.plexus.classworlds.launcher.Launcher spring-boot:run -Dserver.port=8090
java_class_path (initial): C:\xampp\apache-maven-3.5.0-bin\bin\..\boot\plexus-classworlds-2.5.2.jar
Launcher Type: SUN_STANDARD

Environment Variables:
JAVA_HOME=C:\Program Files\Java\jdk1.8.0_144
PATH=C:\ProgramData\Oracle\Java\javapath;C:\Program Files (x86)\Intel\iCLS Client\;C:\Program Files\Intel\iCLS Client\;C:\windows\system32;C:\windows;C:\windows\System32\Wbem;C:\windows\System32\WindowsPowerShell\v1.0\;C:\Program Files\Intel\Intel(R) Management Engine Components\DAL;C:\Program Files (x86)\Intel\Intel(R) Management Engine Components\DAL;C:\Program Files\Intel\Intel(R) Management Engine Components\IPT;C:\Program Files (x86)\Intel\Intel(R) Management Engine Components\IPT;C:\Program Files\ThinkPad\Bluetooth Software\;C:\Program Files\ThinkPad\Bluetooth Software\syswow64;C:\Program Files (x86)\Skype\Phone\;C:\Program Files\Intel\WiFi\bin\;C:\Program Files\Common Files\Intel\WirelessCommon\;C:\Program Files (x86)\Lenovo\Password Manager\;C:\Program Files (x86)\Lenovo\Access Connections\;C:\Program Files (x86)\Intel\OpenCL SDK\2.0\bin\x86;C:\Program Files (x86)\Intel\OpenCL SDK\2.0\bin\x64;C:\xampp\php;C:\Program Files\nodejs\;C:\Users\piyush.ma\AppData\Local\Programs\Python\Python36-32\Scripts\;C:\Users\piyush.ma\AppData\Local\Programs\Python\Python36-32\;C:\Users\piyush.ma\AppData\Local\atom\bin;C:\Users\piyush.ma\AppData\Local\Programs\Git\cmd;C:\Users\piyush.ma\composer;C:\Users\piyush.ma\AppData\Roaming\Composer\vendor\bin;C:\Users\piyush.ma\AppData\Roaming\npm
USERNAME=piyush.ma
OS=Windows_NT
PROCESSOR_IDENTIFIER=Intel64 Family 6 Model 58 Stepping 9, GenuineIntel



---------------  S Y S T E M  ---------------

OS: Windows 7 , 64 bit Build 7601 (6.1.7601.23889)

CPU:total 4 (initial active 4) (2 cores per cpu, 2 threads per core) family 6 model 58 stepping 9, cmov, cx8, fxsr, mmx, sse, sse2, sse3, ssse3, sse4.1, sse4.2, popcnt, avx, aes, clmul, erms, ht, tsc, tscinvbit, tscinv

Memory: 4k page, physical 8077104k(991024k free), swap 12269548k(5088k free)

vm_info: Java HotSpot(TM) 64-Bit Server VM (25.144-b01) for windows-amd64 JRE (1.8.0_144-b01), built on Jul 21 2017 21:57:33 by "java_re" with MS VC++ 10.0 (VS2010)

time: Fri Oct 20 13:56:00 2017
elapsed time: 10 seconds (0d 0h 0m 10s)

